<?xml version="1.0" encoding="UTF-8"?>
<!-- Generated by org.testng.reporters.JUnitReportReporter -->
<testsuite hostname="bhagyak" failures="0" tests="4" name="day1.CRUD" time="6.620" errors="0" timestamp="2025-09-06T18:18:07 IST" skipped="0">
  <testcase classname="day1.CRUD" name="createUser" time="4.753"/>
  <testcase classname="day1.CRUD" name="getUser" time="0.594"/>
  <testcase classname="day1.CRUD" name="updateUser" time="0.690"/>
  <testcase classname="day1.CRUD" name="deleteUser" time="0.583"/>
</testsuite> <!-- day1.CRUD -->
