<?xml version="1.0" encoding="UTF-8"?>
<!-- Generated by org.testng.reporters.JUnitReportReporter -->
<testsuite hostname="bhagyak" failures="0" tests="1" name="day2.PostRequestBody" time="3.419" errors="0" timestamp="2025-09-07T13:59:45 IST" skipped="0">
  <testcase classname="day2.PostRequestBody" name="postBody4" time="3.419"/>
</testsuite> <!-- day2.PostRequestBody -->
