<?xml version="1.0" encoding="UTF-8"?>
<!-- Generated by org.testng.reporters.JUnitReportReporter -->
<testsuite hostname="bhagyak" failures="0" tests="1" name="demo.TestPathAndQuery" time="3.618" errors="0" timestamp="2025-09-07T10:35:30 IST" skipped="0">
  <testcase classname="demo.TestPathAndQuery" name="getReq" time="3.618"/>
</testsuite> <!-- demo.TestPathAndQuery -->
