<?xml version="1.0" encoding="UTF-8"?>
<!-- Generated by org.testng.reporters.JUnitReportReporter -->
<testsuite hostname="bhagyak" failures="0" tests="1" name="day3.PathQueryParameter" time="2.366" errors="0" timestamp="2025-09-14T15:35:58 IST" skipped="0">
  <testcase classname="day3.PathQueryParameter" name="getUser" time="2.366"/>
</testsuite> <!-- day3.PathQueryParameter -->
