<?xml version="1.0" encoding="UTF-8"?>
<!-- Generated by org.testng.reporters.JUnitReportReporter -->
<testsuite hostname="bhagyak" failures="0" tests="4" name="day1.HTTPMethods" time="9.951" errors="0" timestamp="2025-09-07T13:33:15 IST" skipped="0">
  <testcase classname="day1.HTTPMethods" name="getUsers" time="7.538"/>
  <testcase classname="day1.HTTPMethods" name="createUser" time="1.276"/>
  <testcase classname="day1.HTTPMethods" name="updateUser" time="0.575"/>
  <testcase classname="day1.HTTPMethods" name="deleteUser" time="0.562"/>
</testsuite> <!-- day1.HTTPMethods -->
