<?xml version="1.0" encoding="UTF-8"?>
<!-- Generated by org.testng.reporters.JUnitReportReporter -->
<testsuite hostname="bhagyak" failures="0" tests="1" name="day3.ValidateCookies" time="4.582" errors="0" timestamp="2025-09-14T16:01:37 IST" skipped="0">
  <testcase classname="day3.ValidateCookies" name="getCookieInfo" time="4.582"/>
</testsuite> <!-- day3.ValidateCookies -->
